#
# There is insufficient memory for the Java Runtime Environment to continue.
# Native memory allocation (mmap) failed to map 402653184 bytes. Error detail: G1 virtual space
# Possible reasons:
#   The system is out of physical RAM or swap space
#   This process is running with CompressedOops enabled, and the Java Heap may be blocking the growth of the native heap
# Possible solutions:
#   Reduce memory load on the system
#   Increase physical memory or swap space
#   Check if swap backing store is full
#   Decrease Java heap size (-Xmx/-Xms)
#   Decrease number of Java threads
#   Decrease Java thread stack sizes (-Xss)
#   Set larger code cache with -XX:ReservedCodeCacheSize=
#   JVM is running with Zero Based Compressed Oops mode in which the Java heap is
#     placed in the first 32GB address space. The Java Heap base address is the
#     maximum limit for the native heap growth. Please use -XX:HeapBaseMinAddress
#     to set the Java Heap base and to place the Java Heap above 32GB virtual address.
# This output file may be truncated or incomplete.
#
#  Out of Memory Error (os_windows.cpp:3898), pid=29100, tid=21628
#
# JRE version:  (21.0.7) (build )
# Java VM: OpenJDK 64-Bit Server VM (21.0.7+-13880790-b1038.58, mixed mode, sharing, tiered, compressed oops, compressed class ptrs, g1 gc, windows-amd64)
# No core dump will be written. Minidumps are not enabled by default on client versions of Windows
#

---------------  S U M M A R Y ------------

Command Line: org.jetbrains.kotlin.cli.jvm.K2JVMCompiler @C:\Users\Italo\Documents\sustentabilidade\app\build\20251209_8542215059325204639.compiler.options

Host: Intel(R) Xeon(R) CPU E5-2670 v3 @ 2.30GHz, 24 cores, 23G,  Windows 10 , 64 bit Build 19041 (10.0.19041.2788)
Time: Tue Dec  9 20:54:55 2025 Hora oficial do Brasil elapsed time: 0.037208 seconds (0d 0h 0m 0s)

---------------  T H R E A D  ---------------

Current thread (0x000001b91189cf60):  JavaThread "Unknown thread" [_thread_in_vm, id=21628, stack(0x0000002b04500000,0x0000002b04600000) (1024K)]

Stack: [0x0000002b04500000,0x0000002b04600000]
Native frames: (J=compiled Java code, j=interpreted, Vv=VM code, C=native code)
V  [jvm.dll+0x6d25c9]
V  [jvm.dll+0x860923]
V  [jvm.dll+0x862e7e]
V  [jvm.dll+0x863563]
V  [jvm.dll+0x27f156]
V  [jvm.dll+0x6ceee5]
V  [jvm.dll+0x6c29aa]
V  [jvm.dll+0x355ebb]
V  [jvm.dll+0x35db16]
V  [jvm.dll+0x3afb16]
V  [jvm.dll+0x3afde8]
V  [jvm.dll+0x32855c]
V  [jvm.dll+0x32924b]
V  [jvm.dll+0x828379]
V  [jvm.dll+0x3bcce8]
V  [jvm.dll+0x811628]
V  [jvm.dll+0x45121e]
V  [jvm.dll+0x452981]
C  [jli.dll+0x52ab]
C  [ucrtbase.dll+0x21bb2]
C  [KERNEL32.DLL+0x17604]
C  [ntdll.dll+0x526a1]


---------------  P R O C E S S  ---------------

Threads class SMR info:
_java_thread_list=0x00007ffa3e084888, length=0, elements={
}

Java Threads: ( => current thread )
Total: 0

Other Threads:
  0x000001b913d1dce0 WorkerThread "GC Thread#0"                     [id=27788, stack(0x0000002b04600000,0x0000002b04700000) (1024K)]
  0x000001b913d2ad90 ConcurrentGCThread "G1 Main Marker"            [id=14024, stack(0x0000002b04700000,0x0000002b04800000) (1024K)]
  0x000001b913d2c030 WorkerThread "G1 Conc#0"                       [id=26124, stack(0x0000002b04800000,0x0000002b04900000) (1024K)]

[error occurred during error reporting (printing all threads), id 0xc0000005, EXCEPTION_ACCESS_VIOLATION (0xc0000005) at pc=0x00007ffa3d87b5b7]
VM state: not at safepoint (not fully initialized)

VM Mutex/Monitor currently owned by a thread:  ([mutex/lock_event])
[0x00007ffa3e0f1568] Heap_lock - owner thread: 0x000001b91189cf60

Heap address: 0x0000000682800000, size: 6104 MB, Compressed Oops mode: Zero based, Oop shift amount: 3

CDS archive(s) mapped at: [0x0000000000000000-0x0000000000000000-0x0000000000000000), size 0, SharedBaseAddress: 0x0000000800000000, ArchiveRelocationMode: 1.
Narrow klass base: 0x0000000000000000, Narrow klass shift: 0, Narrow klass range: 0x0

GC Precious Log:
 CardTable entry size: 512
 Card Set container configuration: InlinePtr #cards 4 size 8 Array Of Cards #cards 32 size 80 Howl #buckets 8 coarsen threshold 7372 Howl Bitmap #cards 1024 size 144 coarsen threshold 921 Card regions per heap region 1 cards per card region 8192

Heap:
 garbage-first heap   total 0K, used 0K [0x0000000682800000, 0x0000000800000000)
  region size 4096K, 0 young (0K), 0 survivors (0K)
 Metaspace       used 0K, committed 0K, reserved 0K
  class space    used 0K, committed 0K, reserved 0K

Heap Regions: E=young(eden), S=young(survivor), O=old, HS=humongous(starts), HC=humongous(continues), CS=collection set, F=free, TAMS=top-at-mark-start, PB=parsable bottom

Card table byte_map: [0x000001b9277c0000,0x000001b9283b0000] _byte_map_base: 0x000001b9243ac000

Marking Bits: (CMBitMap*) 0x000001b913d1e3e0
 Bits: [0x000001b9283b0000, 0x000001b92e310000)

GC Heap History (0 events):
No events

Dll operation events (1 events):
Event: 0.025 Loaded shared library C:\Program Files\Android\Android Studio\jbr\bin\java.dll

Deoptimization events (0 events):
No events

Classes loaded (0 events):
No events

Classes unloaded (0 events):
No events

Classes redefined (0 events):
No events

Internal exceptions (0 events):
No events

ZGC Phase Switch (0 events):
No events

VM Operations (0 events):
No events

Memory protections (0 events):
No events

Nmethod flushes (0 events):
No events

Events (0 events):
No events


Dynamic libraries:
0x00007ff6d5ce0000 - 0x00007ff6d5cea000 	C:\Program Files\Android\Android Studio\jbr\bin\java.exe
0x00007ffad6150000 - 0x00007ffad6348000 	C:\Windows\SYSTEM32\ntdll.dll
0x00007ffad4230000 - 0x00007ffad42ef000 	C:\Windows\System32\KERNEL32.DLL
0x00007ffad3c90000 - 0x00007ffad3f6a000 	C:\Windows\System32\KERNELBASE.dll
0x00007ffad3af0000 - 0x00007ffad3bf0000 	C:\Windows\System32\ucrtbase.dll
0x00007ffac81e0000 - 0x00007ffac81f8000 	C:\Program Files\Android\Android Studio\jbr\bin\jli.dll
0x00007ffab6be0000 - 0x00007ffab6bfb000 	C:\Program Files\Android\Android Studio\jbr\bin\VCRUNTIME140.dll
0x00007ffad4aa0000 - 0x00007ffad4c3d000 	C:\Windows\System32\USER32.dll
0x00007ffad3ac0000 - 0x00007ffad3ae2000 	C:\Windows\System32\win32u.dll
0x00007ffad5c70000 - 0x00007ffad5c9b000 	C:\Windows\System32\GDI32.dll
0x00007ffad39b0000 - 0x00007ffad3ac0000 	C:\Windows\System32\gdi32full.dll
0x00007ffac6780000 - 0x00007ffac6a1a000 	C:\Windows\WinSxS\amd64_microsoft.windows.common-controls_6595b64144ccf1df_6.0.19041.1110_none_60b5254171f9507e\COMCTL32.dll
0x00007ffad3bf0000 - 0x00007ffad3c8d000 	C:\Windows\System32\msvcp_win.dll
0x00007ffad5060000 - 0x00007ffad50fe000 	C:\Windows\System32\msvcrt.dll
0x00007ffad4990000 - 0x00007ffad49c0000 	C:\Windows\System32\IMM32.DLL
0x00007ffacf3e0000 - 0x00007ffacf3ec000 	C:\Program Files\Android\Android Studio\jbr\bin\vcruntime140_1.dll
0x00007ffa98670000 - 0x00007ffa986fd000 	C:\Program Files\Android\Android Studio\jbr\bin\msvcp140.dll
0x00007ffa3d540000 - 0x00007ffa3e1ce000 	C:\Program Files\Android\Android Studio\jbr\bin\server\jvm.dll
0x00007ffad4e70000 - 0x00007ffad4f1e000 	C:\Windows\System32\ADVAPI32.dll
0x00007ffad5b70000 - 0x00007ffad5c0c000 	C:\Windows\System32\sechost.dll
0x00007ffad4500000 - 0x00007ffad4626000 	C:\Windows\System32\RPCRT4.dll
0x00007ffad4df0000 - 0x00007ffad4e5b000 	C:\Windows\System32\WS2_32.dll
0x00007ffac4430000 - 0x00007ffac4457000 	C:\Windows\SYSTEM32\WINMM.dll
0x00007ffacad60000 - 0x00007ffacad6a000 	C:\Windows\SYSTEM32\VERSION.dll
0x00007ffad2e30000 - 0x00007ffad2e7b000 	C:\Windows\SYSTEM32\POWRPROF.dll
0x00007ffad2ca0000 - 0x00007ffad2cb2000 	C:\Windows\SYSTEM32\UMPDC.dll
0x00007ffad1740000 - 0x00007ffad1752000 	C:\Windows\SYSTEM32\kernel.appcore.dll
0x00007ffacda10000 - 0x00007ffacda1a000 	C:\Program Files\Android\Android Studio\jbr\bin\jimage.dll
0x00007ffac3e10000 - 0x00007ffac3ff4000 	C:\Windows\SYSTEM32\DBGHELP.DLL
0x00007ffac4bd0000 - 0x00007ffac4c04000 	C:\Windows\SYSTEM32\dbgcore.DLL
0x00007ffad38b0000 - 0x00007ffad3932000 	C:\Windows\System32\bcryptPrimitives.dll
0x00007ffab5530000 - 0x00007ffab5550000 	C:\Program Files\Android\Android Studio\jbr\bin\java.dll

dbghelp: loaded successfully - version: 4.0.5 - missing functions: none
symbol engine: initialized successfully - sym options: 0x614 - pdb path: .;C:\Program Files\Android\Android Studio\jbr\bin;C:\Windows\SYSTEM32;C:\Windows\WinSxS\amd64_microsoft.windows.common-controls_6595b64144ccf1df_6.0.19041.1110_none_60b5254171f9507e;C:\Program Files\Android\Android Studio\jbr\bin\server

VM Arguments:
java_command: org.jetbrains.kotlin.cli.jvm.K2JVMCompiler @C:\Users\Italo\Documents\sustentabilidade\app\build\20251209_8542215059325204639.compiler.options
java_class_path (initial): C:\Users\Italo\.gradle\caches\modules-2\files-2.1\org.jetbrains.kotlin\kotlin-compiler-embeddable\2.0.21\79346ed53db48b18312a472602eb5c057070c54d\kotlin-compiler-embeddable-2.0.21.jar;C:\Users\Italo\.gradle\caches\modules-2\files-2.1\org.jetbrains.kotlin\kotlin-stdlib\2.0.21\618b539767b4899b4660a83006e052b63f1db551\kotlin-stdlib-2.0.21.jar;C:\Users\Italo\.gradle\caches\modules-2\files-2.1\org.jetbrains.kotlin\kotlin-script-runtime\2.0.21\c9b044380ad41f89aa89aa896c2d32a8c0b2129d\kotlin-script-runtime-2.0.21.jar;C:\Users\Italo\.gradle\caches\modules-2\files-2.1\org.jetbrains.kotlin\kotlin-reflect\1.6.10\1cbe9c92c12a94eea200d23c2bbaedaf3daf5132\kotlin-reflect-1.6.10.jar;C:\Users\Italo\.gradle\caches\modules-2\files-2.1\org.jetbrains.kotlin\kotlin-daemon-embeddable\2.0.21\c9e933b23287de9b5a17e2116b4657bb91aea72c\kotlin-daemon-embeddable-2.0.21.jar;C:\Users\Italo\.gradle\caches\modules-2\files-2.1\org.jetbrains.intellij.deps\trove4j\1.0.20200330\3afb14d5f9ceb459d724e907a21145e8ff394f02\trove4j-1.0.20200330.jar;C:\Users\Italo\.gradle\caches\modules-2\files-2.1\org.jetbrains.kotlinx\kotlinx-coroutines-core-jvm\1.6.4\2c997cd1c0ef33f3e751d3831929aeff1390cb30\kotlinx-coroutines-core-jvm-1.6.4.jar;C:\Users\Italo\.gradle\caches\modules-2\files-2.1\org.jetbrains\annotations\13.0\919f0dfe192fb4e063e7dacadee7f8bb9a2672a9\annotations-13.0.jar
Launcher Type: SUN_STANDARD

[Global flags]
     intx CICompilerCount                          = 12                                        {product} {ergonomic}
     uint ConcGCThreads                            = 5                                         {product} {ergonomic}
     uint G1ConcRefinementThreads                  = 18                                        {product} {ergonomic}
   size_t G1HeapRegionSize                         = 4194304                                   {product} {ergonomic}
    uintx GCDrainStackTargetSize                   = 64                                        {product} {ergonomic}
   size_t InitialHeapSize                          = 402653184                                 {product} {ergonomic}
   size_t MarkStackSize                            = 4194304                                   {product} {ergonomic}
   size_t MaxHeapSize                              = 6400507904                                {product} {ergonomic}
   size_t MinHeapDeltaBytes                        = 4194304                                   {product} {ergonomic}
   size_t MinHeapSize                              = 8388608                                   {product} {ergonomic}
    uintx NonNMethodCodeHeapSize                   = 7602480                                {pd product} {ergonomic}
    uintx NonProfiledCodeHeapSize                  = 122027880                              {pd product} {ergonomic}
    uintx ProfiledCodeHeapSize                     = 122027880                              {pd product} {ergonomic}
    uintx ReservedCodeCacheSize                    = 251658240                              {pd product} {ergonomic}
     bool SegmentedCodeCache                       = true                                      {product} {ergonomic}
   size_t SoftMaxHeapSize                          = 6400507904                             {manageable} {ergonomic}
     bool UseCompressedOops                        = true                           {product lp64_product} {ergonomic}
     bool UseG1GC                                  = true                                      {product} {ergonomic}
     bool UseLargePagesIndividualAllocation        = false                                  {pd product} {ergonomic}

Logging:
Log output configuration:
 #0: stdout all=warning uptime,level,tags foldmultilines=false
 #1: stderr all=off uptime,level,tags foldmultilines=false

Environment Variables:
PATH=C:\Program Files (x86)\Common Files\Oracle\Java\java8path;C:\Users\Italo\AppData\Local\Programs\Python\Python310;C:\Program Files\nodejs\;C:\Program Files\NVIDIA Corporation\NVIDIA App\NvDLISR;C:\Program Files\dotnet\;C:\Program Files\cursor\resources\app\bin;C:\Users\Italo\AppData\Local\Programs\Python\Python310\Scripts\;C:\Users\Italo\AppData\Local\Programs\Python\Python310\;C:\Users\Italo\AppData\Local\Programs\Python\Python312\Scripts\;C:\Users\Italo\AppData\Local\Programs\Python\Python312\;C:\Users\Italo\AppData\Local\Programs\oh-my-posh\bin\;C:\Users\Italo\AppData\Local\Microsoft\WindowsApps;C:\Users\Italo\AppData\Local\Programs\Microsoft VS Code\bin;C:\gstreamer\1.0\msvc_x86_64\bin;C:\Users\Italo\AppData\Local\Microsoft\WinGet\Packages\Schniz.fnm_Microsoft.Winget.Source_8wekyb3d8bbwe;C:\Users\Italo\AppData\Local\Muse Hub\lib;C:\Users\Italo\AppData\Roaming\Composer\vendor\bin;C:\Users\Italo\AppData\Local\GitHubDesktop\bin;C:\Users\Italo\AppData\Roaming\npm;C:\Users\Italo\AppData\Local\Programs\Windsurf\bin;
USERNAME=Italo
OS=Windows_NT
PROCESSOR_IDENTIFIER=Intel64 Family 6 Model 63 Stepping 2, GenuineIntel
TMP=C:\Users\Italo\AppData\Local\Temp
TEMP=C:\Users\Italo\AppData\Local\Temp




Periodic native trim disabled

JNI global refs:
JNI global refs: 0, weak refs: 0

JNI global refs memory usage: 0, weak refs: 0

Process memory usage:
Resident Set Size: 11060K (0% of 25001224K total physical memory with 1081308K free physical memory)

OOME stack traces (most recent first):
Classloader memory used:

---------------  S Y S T E M  ---------------

OS:
 Windows 10 , 64 bit Build 19041 (10.0.19041.2788)
OS uptime: 0 days 2:39 hours

CPU: total 24 (initial active 24) (12 cores per cpu, 2 threads per core) family 6 model 63 stepping 2 microcode 0x43, cx8, cmov, fxsr, ht, mmx, sse, sse2, sse3, ssse3, sse4.1, sse4.2, popcnt, lzcnt, tsc, tscinvbit, avx, avx2, aes, erms, clmul, bmi1, bmi2, fma, vzeroupper, clflush, rdtscp, f16c
Processor Information for the first 24 processors :
  Max Mhz: 2301, Current Mhz: 2301, Mhz Limit: 2301

Memory: 4k page, system-wide physical 24415M (1056M free)
TotalPageFile size 32607M (AvailPageFile size 33M)
current process WorkingSet (physical memory assigned to process): 10M, peak: 10M
current process commit charge ("private bytes"): 81M, peak: 465M

vm_info: OpenJDK 64-Bit Server VM (21.0.7+-13880790-b1038.58) for windows-amd64 JRE (21.0.7+-13880790-b1038.58), built on 2025-08-04T20:56:21Z by "builder" with MS VC++ 16.10 / 16.11 (VS2019)

END.
